1608156230384	geckodriver	INFO	Listening on 127.0.0.1:54092
1608156233405	mozrunner::runner	INFO	Running command: "C:\\Program Files\\Mozilla Firefox\\firefox.exe" "--marionette" "-foreground" "-no-remote" "-profile" "C:\\Users\\cjaco\\AppData\\Local\\Temp\\rust_mozprofilelGgNqj"
Can't find symbol 'eglSwapBuffersWithDamageEXT'.
Can't find symbol 'eglSetDamageRegionKHR'.
console.warn: SearchSettings: "get: No settings file exists, new profile?" (new Error("", "(unknown module)"))
1608156240295	Marionette	INFO	Listening on port 54100
1608156240499	Marionette	WARN	TLS certificate errors will be ignored for this session
1608156240589	Marionette	INFO	Stopped listening on port 54100
JavaScript error: resource://activity-stream/lib/ASRouter.jsm, line 987: NS_ERROR_ILLEGAL_VALUE: Component returned failure code: 0x80070057 (NS_ERROR_ILLEGAL_VALUE) [nsIObserverService.removeObserver]

###!!! [Child][RunMessage] Error: Channel closing: too late to send/recv, messages will be lost

1608156319161	geckodriver	INFO	Listening on 127.0.0.1:54137
1608156322179	mozrunner::runner	INFO	Running command: "C:\\Program Files\\Mozilla Firefox\\firefox.exe" "--marionette" "-foreground" "-no-remote" "-profile" "C:\\Users\\cjaco\\AppData\\Local\\Temp\\rust_mozprofilerCI7w4"
Can't find symbol 'eglSwapBuffersWithDamageEXT'.
Can't find symbol 'eglSetDamageRegionKHR'.
console.warn: SearchSettings: "get: No settings file exists, new profile?" (new Error("", "(unknown module)"))
1608156327530	Marionette	INFO	Listening on port 54145
1608156327964	Marionette	WARN	TLS certificate errors will be ignored for this session
1608156328335	Marionette	INFO	Stopped listening on port 54145
console.warn: services.settings: main/cfr sync interrupted by shutdown
JavaScript error: resource://activity-stream/lib/ASRouter.jsm, line 987: NS_ERROR_ILLEGAL_VALUE: Component returned failure code: 0x80070057 (NS_ERROR_ILLEGAL_VALUE) [nsIObserverService.removeObserver]
console.error: services.settings: 
  main/partitioning-exempt-urls Signature failed  TypeError: NetworkError when attempting to fetch resource.

###!!! [Child][RunMessage] Error: Channel closing: too late to send/recv, messages will be lost

1608156447694	geckodriver	INFO	Listening on 127.0.0.1:54192
1608156450711	mozrunner::runner	INFO	Running command: "C:\\Program Files\\Mozilla Firefox\\firefox.exe" "--marionette" "-foreground" "-no-remote" "-profile" "C:\\Users\\cjaco\\AppData\\Local\\Temp\\rust_mozprofilevIyjAP"
Can't find symbol 'eglSwapBuffersWithDamageEXT'.
Can't find symbol 'eglSetDamageRegionKHR'.
console.warn: SearchSettings: "get: No settings file exists, new profile?" (new Error("", "(unknown module)"))
1608156454649	Marionette	INFO	Listening on port 54200
1608156454864	Marionette	WARN	TLS certificate errors will be ignored for this session
1608156455233	Marionette	INFO	Stopped listening on port 54200
JavaScript error: resource://activity-stream/lib/ASRouter.jsm, line 987: NS_ERROR_ILLEGAL_VALUE: Component returned failure code: 0x80070057 (NS_ERROR_ILLEGAL_VALUE) [nsIObserverService.removeObserver]
[Parent 21740, Gecko_IOThread] WARNING: file /builds/worker/checkouts/gecko/ipc/chromium/src/base/process_util_win.cc:166

###!!! [Child][RunMessage] Error: Channel closing: too late to send/recv, messages will be lost

1608157189865	geckodriver	INFO	Listening on 127.0.0.1:54338
1608157192883	mozrunner::runner	INFO	Running command: "C:\\Program Files\\Mozilla Firefox\\firefox.exe" "--marionette" "-foreground" "-no-remote" "-profile" "C:\\Users\\cjaco\\AppData\\Local\\Temp\\rust_mozprofileTw7cAI"
Can't find symbol 'eglSwapBuffersWithDamageEXT'.
Can't find symbol 'eglSetDamageRegionKHR'.
console.warn: SearchSettings: "get: No settings file exists, new profile?" (new Error("", "(unknown module)"))
1608157198398	Marionette	INFO	Listening on port 54346
1608157198687	Marionette	WARN	TLS certificate errors will be ignored for this session
1608157199101	Marionette	INFO	Stopped listening on port 54346
JavaScript error: resource://activity-stream/lib/ASRouter.jsm, line 987: NS_ERROR_ILLEGAL_VALUE: Component returned failure code: 0x80070057 (NS_ERROR_ILLEGAL_VALUE) [nsIObserverService.removeObserver]
console.error: services.settings: 
  main/partitioning-exempt-urls Signature failed  TypeError: NetworkError when attempting to fetch resource.
console.error: services.settings: 
  main/cfr Signature failed  TypeError: NetworkError when attempting to fetch resource.
[Parent 20528, Gecko_IOThread] WARNING: file /builds/worker/checkouts/gecko/ipc/chromium/src/base/process_util_win.cc:166

###!!! [Child][RunMessage] Error: Channel closing: too late to send/recv, messages will be lost

1608157200819	geckodriver	INFO	Listening on 127.0.0.1:54392
1608157203827	mozrunner::runner	INFO	Running command: "C:\\Program Files\\Mozilla Firefox\\firefox.exe" "--marionette" "-foreground" "-no-remote" "-profile" "C:\\Users\\cjaco\\AppData\\Local\\Temp\\rust_mozprofileajFbdV"
Can't find symbol 'eglSwapBuffersWithDamageEXT'.
Can't find symbol 'eglSetDamageRegionKHR'.
console.warn: SearchSettings: "get: No settings file exists, new profile?" (new Error("", "(unknown module)"))
1608157209060	Marionette	INFO	Listening on port 54400
1608157209609	Marionette	WARN	TLS certificate errors will be ignored for this session
1608157209970	Marionette	INFO	Stopped listening on port 54400
JavaScript error: resource://activity-stream/lib/ASRouter.jsm, line 987: NS_ERROR_ILLEGAL_VALUE: Component returned failure code: 0x80070057 (NS_ERROR_ILLEGAL_VALUE) [nsIObserverService.removeObserver]
console.warn: services.settings: main/whats-new-panel sync interrupted by shutdown

###!!! [Child][RunMessage] Error: Channel closing: too late to send/recv, messages will be lost

1608323900107	geckodriver	INFO	Listening on 127.0.0.1:59310
1608323903145	mozrunner::runner	INFO	Running command: "C:\\Program Files\\Mozilla Firefox\\firefox.exe" "--marionette" "-foreground" "-no-remote" "-profile" "C:\\Users\\cjaco\\AppData\\Local\\Temp\\rust_mozprofileW4zsgl"
Can't find symbol 'eglSwapBuffersWithDamageEXT'.
Can't find symbol 'eglSetDamageRegionKHR'.
console.warn: SearchSettings: "get: No settings file exists, new profile?" (new Error("", "(unknown module)"))
1608323908077	Marionette	INFO	Listening on port 59318
1608323908458	Marionette	WARN	TLS certificate errors will be ignored for this session
1608323909147	Marionette	INFO	Stopped listening on port 59318
JavaScript error: resource://activity-stream/lib/ASRouter.jsm, line 987: NS_ERROR_ILLEGAL_VALUE: Component returned failure code: 0x80070057 (NS_ERROR_ILLEGAL_VALUE) [nsIObserverService.removeObserver]
console.error: services.settings: 
  main/cfr-fxa Signature failed  TypeError: NetworkError when attempting to fetch resource.
console.error: services.settings: 
  main/partitioning-exempt-urls Signature failed  TypeError: NetworkError when attempting to fetch resource.

###!!! [Child][RunMessage] Error: Channel closing: too late to send/recv, messages will be lost

1608323910318	geckodriver	INFO	Listening on 127.0.0.1:59361
1608323913332	mozrunner::runner	INFO	Running command: "C:\\Program Files\\Mozilla Firefox\\firefox.exe" "--marionette" "-foreground" "-no-remote" "-profile" "C:\\Users\\cjaco\\AppData\\Local\\Temp\\rust_mozprofileEYSk6J"
Can't find symbol 'eglSwapBuffersWithDamageEXT'.
Can't find symbol 'eglSetDamageRegionKHR'.
console.warn: SearchSettings: "get: No settings file exists, new profile?" (new Error("", "(unknown module)"))
1608323917567	Marionette	INFO	Listening on port 59369
1608323918097	Marionette	WARN	TLS certificate errors will be ignored for this session
1608323918324	Marionette	INFO	Stopped listening on port 59369
JavaScript error: resource://activity-stream/lib/ASRouter.jsm, line 987: NS_ERROR_ILLEGAL_VALUE: Component returned failure code: 0x80070057 (NS_ERROR_ILLEGAL_VALUE) [nsIObserverService.removeObserver]
console.error: services.settings: 
  main/cfr-fxa Signature failed  TypeError: NetworkError when attempting to fetch resource.
console.warn: services.settings: main/partitioning-exempt-urls sync interrupted by shutdown
1608324179351	geckodriver	INFO	Listening on 127.0.0.1:59445
1608324182445	mozrunner::runner	INFO	Running command: "C:\\Program Files\\Mozilla Firefox\\firefox.exe" "--marionette" "-foreground" "-no-remote" "-profile" "C:\\Users\\cjaco\\AppData\\Local\\Temp\\rust_mozprofileTq7bAj"
Can't find symbol 'eglSwapBuffersWithDamageEXT'.
Can't find symbol 'eglSetDamageRegionKHR'.
console.warn: SearchSettings: "get: No settings file exists, new profile?" (new Error("", "(unknown module)"))
1608324187972	Marionette	INFO	Listening on port 59454
1608324188255	Marionette	WARN	TLS certificate errors will be ignored for this session
1608324189174	Marionette	INFO	Stopped listening on port 59454
JavaScript error: resource://activity-stream/lib/ASRouter.jsm, line 987: NS_ERROR_ILLEGAL_VALUE: Component returned failure code: 0x80070057 (NS_ERROR_ILLEGAL_VALUE) [nsIObserverService.removeObserver]
console.error: services.settings: 
  main/cfr Signature failed  TypeError: NetworkError when attempting to fetch resource.
[Parent 23636, Gecko_IOThread] WARNING: file /builds/worker/checkouts/gecko/ipc/chromium/src/base/process_util_win.cc:166

###!!! [Child][RunMessage] Error: Channel closing: too late to send/recv, messages will be lost

1608324191157	geckodriver	INFO	Listening on 127.0.0.1:59496
1608324194185	mozrunner::runner	INFO	Running command: "C:\\Program Files\\Mozilla Firefox\\firefox.exe" "--marionette" "-foreground" "-no-remote" "-profile" "C:\\Users\\cjaco\\AppData\\Local\\Temp\\rust_mozprofileyZ37oy"
Can't find symbol 'eglSwapBuffersWithDamageEXT'.
Can't find symbol 'eglSetDamageRegionKHR'.
console.warn: SearchSettings: "get: No settings file exists, new profile?" (new Error("", "(unknown module)"))
1608324201187	Marionette	INFO	Listening on port 59505
1608324201637	Marionette	WARN	TLS certificate errors will be ignored for this session
1608324201953	Marionette	INFO	Stopped listening on port 59505
JavaScript error: resource://activity-stream/lib/ASRouter.jsm, line 987: NS_ERROR_ILLEGAL_VALUE: Component returned failure code: 0x80070057 (NS_ERROR_ILLEGAL_VALUE) [nsIObserverService.removeObserver]
console.warn: services.settings: main/partitioning-exempt-urls sync interrupted by shutdown

###!!! [Child][RunMessage] Error: Channel closing: too late to send/recv, messages will be lost

1608328079652	geckodriver	INFO	Listening on 127.0.0.1:59871
1608328082675	mozrunner::runner	INFO	Running command: "C:\\Program Files\\Mozilla Firefox\\firefox.exe" "--marionette" "-foreground" "-no-remote" "-profile" "C:\\Users\\cjaco\\AppData\\Local\\Temp\\rust_mozprofile7Exi83"
Can't find symbol 'eglSwapBuffersWithDamageEXT'.
Can't find symbol 'eglSetDamageRegionKHR'.
console.warn: SearchSettings: "get: No settings file exists, new profile?" (new Error("", "(unknown module)"))
1608328088718	Marionette	INFO	Listening on port 59879
1608328088965	Marionette	WARN	TLS certificate errors will be ignored for this session
1608328089925	Marionette	INFO	Stopped listening on port 59879
JavaScript error: resource://activity-stream/lib/ASRouter.jsm, line 987: NS_ERROR_ILLEGAL_VALUE: Component returned failure code: 0x80070057 (NS_ERROR_ILLEGAL_VALUE) [nsIObserverService.removeObserver]

###!!! [Child][MessageChannel] Error: (msgtype=0x5B000E,name=PHttpChannel::Msg___delete__) Channel closing: too late to send/recv, messages will be lost


###!!! [Child][RunMessage] Error: Channel closing: too late to send/recv, messages will be lost


###!!! [Child][RunMessage] Error: Channel closing: too late to send/recv, messages will be lost

[Parent 19620, Gecko_IOThread] WARNING: file /builds/worker/checkouts/gecko/ipc/chromium/src/base/process_util_win.cc:166

###!!! [Child][RunMessage] Error: Channel closing: too late to send/recv, messages will be lost

1608328091362	geckodriver	INFO	Listening on 127.0.0.1:59926
1608328094381	mozrunner::runner	INFO	Running command: "C:\\Program Files\\Mozilla Firefox\\firefox.exe" "--marionette" "-foreground" "-no-remote" "-profile" "C:\\Users\\cjaco\\AppData\\Local\\Temp\\rust_mozprofileBcylQ9"
Can't find symbol 'eglSwapBuffersWithDamageEXT'.
Can't find symbol 'eglSetDamageRegionKHR'.
console.warn: SearchSettings: "get: No settings file exists, new profile?" (new Error("", "(unknown module)"))
1608328100001	Marionette	INFO	Listening on port 59934
1608328100360	Marionette	WARN	TLS certificate errors will be ignored for this session
1608328102100	Marionette	INFO	Stopped listening on port 59934

###!!! [Child][RunMessage] Error: Channel closing: too late to send/recv, messages will be lost

1608328104129	geckodriver	INFO	Listening on 127.0.0.1:59996
1608328107155	mozrunner::runner	INFO	Running command: "C:\\Program Files\\Mozilla Firefox\\firefox.exe" "--marionette" "-foreground" "-no-remote" "-profile" "C:\\Users\\cjaco\\AppData\\Local\\Temp\\rust_mozprofileulgAWs"
Can't find symbol 'eglSwapBuffersWithDamageEXT'.
Can't find symbol 'eglSetDamageRegionKHR'.
console.warn: SearchSettings: "get: No settings file exists, new profile?" (new Error("", "(unknown module)"))
1608328115034	Marionette	INFO	Listening on port 60004
1608328115276	Marionette	WARN	TLS certificate errors will be ignored for this session
1608328115811	Marionette	INFO	Stopped listening on port 60004
JavaScript error: resource://activity-stream/lib/ASRouter.jsm, line 987: NS_ERROR_ILLEGAL_VALUE: Component returned failure code: 0x80070057 (NS_ERROR_ILLEGAL_VALUE) [nsIObserverService.removeObserver]

###!!! [Child][RunMessage] Error: Channel closing: too late to send/recv, messages will be lost

1608328736836	geckodriver	INFO	Listening on 127.0.0.1:60091
1608328739895	mozrunner::runner	INFO	Running command: "C:\\Program Files\\Mozilla Firefox\\firefox.exe" "--marionette" "-foreground" "-no-remote" "-profile" "C:\\Users\\cjaco\\AppData\\Local\\Temp\\rust_mozprofileGnoZeH"
Can't find symbol 'eglSwapBuffersWithDamageEXT'.
Can't find symbol 'eglSetDamageRegionKHR'.
console.warn: SearchSettings: "get: No settings file exists, new profile?" (new Error("", "(unknown module)"))
1608328748274	Marionette	INFO	Listening on port 60099
1608328748894	Marionette	WARN	TLS certificate errors will be ignored for this session
1608328750411	Marionette	INFO	Stopped listening on port 60099

###!!! [Child][RunMessage] Error: Channel closing: too late to send/recv, messages will be lost

1608328753247	geckodriver	INFO	Listening on 127.0.0.1:60159
1608328756282	mozrunner::runner	INFO	Running command: "C:\\Program Files\\Mozilla Firefox\\firefox.exe" "--marionette" "-foreground" "-no-remote" "-profile" "C:\\Users\\cjaco\\AppData\\Local\\Temp\\rust_mozprofile2BSvDy"
Can't find symbol 'eglSwapBuffersWithDamageEXT'.
Can't find symbol 'eglSetDamageRegionKHR'.
console.warn: SearchSettings: "get: No settings file exists, new profile?" (new Error("", "(unknown module)"))
1608328763830	Marionette	INFO	Listening on port 60167
1608328764087	Marionette	WARN	TLS certificate errors will be ignored for this session
1608328766043	Marionette	INFO	Stopped listening on port 60167

###!!! [Child][RunMessage] Error: Channel closing: too late to send/recv, messages will be lost


###!!! [Child][RunMessage] Error: Channel closing: too late to send/recv, messages will be lost

1608328768361	geckodriver	INFO	Listening on 127.0.0.1:60229
1608328771391	mozrunner::runner	INFO	Running command: "C:\\Program Files\\Mozilla Firefox\\firefox.exe" "--marionette" "-foreground" "-no-remote" "-profile" "C:\\Users\\cjaco\\AppData\\Local\\Temp\\rust_mozprofileQDQlcL"
Can't find symbol 'eglSwapBuffersWithDamageEXT'.
Can't find symbol 'eglSetDamageRegionKHR'.
console.warn: SearchSettings: "get: No settings file exists, new profile?" (new Error("", "(unknown module)"))
1608328779164	Marionette	INFO	Listening on port 60237
1608328779439	Marionette	WARN	TLS certificate errors will be ignored for this session
1608328780090	Marionette	INFO	Stopped listening on port 60237
JavaScript error: resource://activity-stream/lib/ASRouter.jsm, line 987: NS_ERROR_ILLEGAL_VALUE: Component returned failure code: 0x80070057 (NS_ERROR_ILLEGAL_VALUE) [nsIObserverService.removeObserver]

###!!! [Child][RunMessage] Error: Channel closing: too late to send/recv, messages will be lost

1608329099853	geckodriver	INFO	Listening on 127.0.0.1:60366
1608329102871	mozrunner::runner	INFO	Running command: "C:\\Program Files\\Mozilla Firefox\\firefox.exe" "--marionette" "-foreground" "-no-remote" "-profile" "C:\\Users\\cjaco\\AppData\\Local\\Temp\\rust_mozprofile4WAHi6"
Can't find symbol 'eglSwapBuffersWithDamageEXT'.
Can't find symbol 'eglSetDamageRegionKHR'.
console.warn: SearchSettings: "get: No settings file exists, new profile?" (new Error("", "(unknown module)"))
1608329107080	Marionette	INFO	Listening on port 60374
1608329107157	Marionette	WARN	TLS certificate errors will be ignored for this session
1608329113173	Marionette	INFO	Stopped listening on port 60374

###!!! [Child][RunMessage] Error: Channel closing: too late to send/recv, messages will be lost

1608329114262	geckodriver	INFO	Listening on 127.0.0.1:60436
1608329117273	mozrunner::runner	INFO	Running command: "C:\\Program Files\\Mozilla Firefox\\firefox.exe" "--marionette" "-foreground" "-no-remote" "-profile" "C:\\Users\\cjaco\\AppData\\Local\\Temp\\rust_mozprofileqQvpGd"
Can't find symbol 'eglSwapBuffersWithDamageEXT'.
Can't find symbol 'eglSetDamageRegionKHR'.
console.warn: SearchSettings: "get: No settings file exists, new profile?" (new Error("", "(unknown module)"))
1608329121544	Marionette	INFO	Listening on port 60444
1608329122041	Marionette	WARN	TLS certificate errors will be ignored for this session
1608329123347	Marionette	INFO	Stopped listening on port 60444

###!!! [Child][RunMessage] Error: Channel closing: too late to send/recv, messages will be lost

1608329124513	geckodriver	INFO	Listening on 127.0.0.1:60506
1608329127519	mozrunner::runner	INFO	Running command: "C:\\Program Files\\Mozilla Firefox\\firefox.exe" "--marionette" "-foreground" "-no-remote" "-profile" "C:\\Users\\cjaco\\AppData\\Local\\Temp\\rust_mozprofile7nM0E7"
Can't find symbol 'eglSwapBuffersWithDamageEXT'.
Can't find symbol 'eglSetDamageRegionKHR'.
console.warn: SearchSettings: "get: No settings file exists, new profile?" (new Error("", "(unknown module)"))
1608329131722	Marionette	INFO	Listening on port 60514
1608329131854	Marionette	WARN	TLS certificate errors will be ignored for this session
1608329132628	Marionette	INFO	Stopped listening on port 60514
JavaScript error: resource://activity-stream/lib/ASRouter.jsm, line 987: NS_ERROR_ILLEGAL_VALUE: Component returned failure code: 0x80070057 (NS_ERROR_ILLEGAL_VALUE) [nsIObserverService.removeObserver]

###!!! [Child][RunMessage] Error: Channel closing: too late to send/recv, messages will be lost

